2015-08-25 15:09:53,920 [Worker-3] INFO  o.e.m.c.i.e.AbstractTransferListenerAdapter - Downloaded http://onejar-maven-plugin.googlecode.com/svn/mavenrepo/org/apache/maven/plugins/maven-clean-plugin/2.5/maven-clean-plugin-2.5.jar
2015-08-25 15:09:55,155 [Worker-3] INFO  o.e.m.c.i.e.AbstractTransferListenerAdapter - Downloading https://repo.maven.apache.org/maven2/org/apache/maven/plugins/maven-clean-plugin/2.5/maven-clean-plugin-2.5.jar
2015-08-25 15:09:55,350 [Worker-3] INFO  o.e.m.c.i.e.AbstractTransferListenerAdapter - Downloaded https://repo.maven.apache.org/maven2/org/apache/maven/plugins/maven-clean-plugin/2.5/maven-clean-plugin-2.5.jar
2015-08-25 15:09:55,868 [Worker-3] INFO  o.e.m.c.i.e.AbstractTransferListenerAdapter - Downloaded http://onejar-maven-plugin.googlecode.com/svn/mavenrepo/org/apache/maven/plugins/maven-surefire-plugin/2.12.4/maven-surefire-plugin-2.12.4.jar
2015-08-25 15:09:56,359 [Worker-3] INFO  o.e.m.c.i.e.AbstractTransferListenerAdapter - Downloading https://repo.maven.apache.org/maven2/org/apache/maven/plugins/maven-surefire-plugin/2.12.4/maven-surefire-plugin-2.12.4.jar
2015-08-25 15:09:56,542 [Worker-3] INFO  o.e.m.c.i.e.AbstractTransferListenerAdapter - Downloaded https://repo.maven.apache.org/maven2/org/apache/maven/plugins/maven-surefire-plugin/2.12.4/maven-surefire-plugin-2.12.4.jar
2015-08-25 15:09:56,995 [Worker-3] INFO  o.e.m.c.i.e.AbstractTransferListenerAdapter - Downloaded http://onejar-maven-plugin.googlecode.com/svn/mavenrepo/org/apache/maven/plugins/maven-jar-plugin/2.4/maven-jar-plugin-2.4.jar
2015-08-25 15:09:57,308 [Worker-3] INFO  o.e.m.c.i.e.AbstractTransferListenerAdapter - Downloading https://repo.maven.apache.org/maven2/org/apache/maven/plugins/maven-jar-plugin/2.4/maven-jar-plugin-2.4.jar
2015-08-25 15:09:57,659 [Worker-3] INFO  o.e.m.c.i.e.AbstractTransferListenerAdapter - Downloaded https://repo.maven.apache.org/maven2/org/apache/maven/plugins/maven-jar-plugin/2.4/maven-jar-plugin-2.4.jar
2015-08-25 15:09:58,133 [Worker-3] INFO  o.e.m.c.i.e.AbstractTransferListenerAdapter - Downloaded http://onejar-maven-plugin.googlecode.com/svn/mavenrepo/org/apache/maven/plugins/maven-install-plugin/2.4/maven-install-plugin-2.4.jar
2015-08-25 15:09:58,611 [Worker-3] INFO  o.e.m.c.i.e.AbstractTransferListenerAdapter - Downloading https://repo.maven.apache.org/maven2/org/apache/maven/plugins/maven-install-plugin/2.4/maven-install-plugin-2.4.jar
2015-08-25 15:09:58,952 [Worker-3] INFO  o.e.m.c.i.e.AbstractTransferListenerAdapter - Downloaded https://repo.maven.apache.org/maven2/org/apache/maven/plugins/maven-install-plugin/2.4/maven-install-plugin-2.4.jar
2015-08-25 15:09:59,403 [Worker-3] INFO  o.e.m.c.i.e.AbstractTransferListenerAdapter - Downloaded http://onejar-maven-plugin.googlecode.com/svn/mavenrepo/org/apache/maven/plugins/maven-site-plugin/3.3/maven-site-plugin-3.3.jar
2015-08-25 15:09:59,896 [Worker-3] INFO  o.e.m.c.i.e.AbstractTransferListenerAdapter - Downloading https://repo.maven.apache.org/maven2/org/apache/maven/plugins/maven-site-plugin/3.3/maven-site-plugin-3.3.jar
2015-08-25 15:10:02,050 [Worker-3] INFO  o.e.m.c.i.e.AbstractTransferListenerAdapter - Downloaded https://repo.maven.apache.org/maven2/org/apache/maven/plugins/maven-site-plugin/3.3/maven-site-plugin-3.3.jar
2015-08-25 15:10:02,722 [Worker-3] INFO  o.e.m.c.i.e.AbstractTransferListenerAdapter - Downloaded http://onejar-maven-plugin.googlecode.com/svn/mavenrepo/org/codehaus/plexus/plexus-container-default/1.0-alpha-9-stable-1/plexus-container-default-1.0-alpha-9-stable-1.jar
2015-08-25 15:10:03,127 [Worker-3] INFO  o.e.m.c.i.e.AbstractTransferListenerAdapter - Downloaded http://onejar-maven-plugin.googlecode.com/svn/mavenrepo/classworlds/classworlds/1.1-alpha-2/classworlds-1.1-alpha-2.jar
2015-08-25 15:10:03,535 [Worker-3] INFO  o.e.m.c.i.e.AbstractTransferListenerAdapter - Downloaded http://onejar-maven-plugin.googlecode.com/svn/mavenrepo/org/apache/maven/maven-plugin-api/2.0/maven-plugin-api-2.0.jar
2015-08-25 15:10:03,955 [Worker-3] INFO  o.e.m.c.i.e.AbstractTransferListenerAdapter - Downloaded http://onejar-maven-plugin.googlecode.com/svn/mavenrepo/org/apache/maven/maven-artifact/2.0/maven-artifact-2.0.jar
2015-08-25 15:10:04,378 [Worker-3] INFO  o.e.m.c.i.e.AbstractTransferListenerAdapter - Downloaded http://onejar-maven-plugin.googlecode.com/svn/mavenrepo/org/apache/maven/maven-toolchain/1.0/maven-toolchain-1.0.jar
2015-08-25 15:10:04,787 [Worker-3] INFO  o.e.m.c.i.e.AbstractTransferListenerAdapter - Downloaded http://onejar-maven-plugin.googlecode.com/svn/mavenrepo/org/apache/maven/maven-core/2.0.6/maven-core-2.0.6.jar
2015-08-25 15:10:05,197 [Worker-3] INFO  o.e.m.c.i.e.AbstractTransferListenerAdapter - Downloaded http://onejar-maven-plugin.googlecode.com/svn/mavenrepo/org/apache/maven/maven-settings/2.0.6/maven-settings-2.0.6.jar
2015-08-25 15:10:05,609 [Worker-3] INFO  o.e.m.c.i.e.AbstractTransferListenerAdapter - Downloaded http://onejar-maven-plugin.googlecode.com/svn/mavenrepo/org/apache/maven/maven-plugin-parameter-documenter/2.0.6/maven-plugin-parameter-documenter-2.0.6.jar
2015-08-25 15:10:06,009 [Worker-3] INFO  o.e.m.c.i.e.AbstractTransferListenerAdapter - Downloaded http://onejar-maven-plugin.googlecode.com/svn/mavenrepo/org/apache/maven/maven-profile/2.0.6/maven-profile-2.0.6.jar
2015-08-25 15:10:06,432 [Worker-3] INFO  o.e.m.c.i.e.AbstractTransferListenerAdapter - Downloaded http://onejar-maven-plugin.googlecode.com/svn/mavenrepo/org/apache/maven/maven-model/2.0.6/maven-model-2.0.6.jar
2015-08-25 15:10:06,834 [Worker-3] INFO  o.e.m.c.i.e.AbstractTransferListenerAdapter - Downloaded http://onejar-maven-plugin.googlecode.com/svn/mavenrepo/org/apache/maven/maven-repository-metadata/2.0.6/maven-repository-metadata-2.0.6.jar
2015-08-25 15:10:07,241 [Worker-3] INFO  o.e.m.c.i.e.AbstractTransferListenerAdapter - Downloaded http://onejar-maven-plugin.googlecode.com/svn/mavenrepo/org/apache/maven/maven-error-diagnostics/2.0.6/maven-error-diagnostics-2.0.6.jar
2015-08-25 15:10:07,660 [Worker-3] INFO  o.e.m.c.i.e.AbstractTransferListenerAdapter - Downloaded http://onejar-maven-plugin.googlecode.com/svn/mavenrepo/org/apache/maven/maven-project/2.0.6/maven-project-2.0.6.jar
2015-08-25 15:10:08,062 [Worker-3] INFO  o.e.m.c.i.e.AbstractTransferListenerAdapter - Downloaded http://onejar-maven-plugin.googlecode.com/svn/mavenrepo/org/apache/maven/maven-plugin-registry/2.0.6/maven-plugin-registry-2.0.6.jar
2015-08-25 15:10:08,491 [Worker-3] INFO  o.e.m.c.i.e.AbstractTransferListenerAdapter - Downloaded http://onejar-maven-plugin.googlecode.com/svn/mavenrepo/org/apache/maven/maven-plugin-descriptor/2.0.6/maven-plugin-descriptor-2.0.6.jar
2015-08-25 15:10:08,917 [Worker-3] INFO  o.e.m.c.i.e.AbstractTransferListenerAdapter - Downloaded http://onejar-maven-plugin.googlecode.com/svn/mavenrepo/org/apache/maven/maven-artifact-manager/2.0.6/maven-artifact-manager-2.0.6.jar
2015-08-25 15:10:09,324 [Worker-3] INFO  o.e.m.c.i.e.AbstractTransferListenerAdapter - Downloaded http://onejar-maven-plugin.googlecode.com/svn/mavenrepo/org/apache/maven/maven-monitor/2.0.6/maven-monitor-2.0.6.jar
2015-08-25 15:10:09,728 [Worker-3] INFO  o.e.m.c.i.e.AbstractTransferListenerAdapter - Downloading https://repo.maven.apache.org/maven2/org/codehaus/plexus/plexus-container-default/1.0-alpha-9-stable-1/plexus-container-default-1.0-alpha-9-stable-1.jar
2015-08-25 15:10:10,857 [Worker-3] INFO  o.e.m.c.i.e.AbstractTransferListenerAdapter - Downloaded https://repo.maven.apache.org/maven2/org/codehaus/plexus/plexus-container-default/1.0-alpha-9-stable-1/plexus-container-default-1.0-alpha-9-stable-1.jar
2015-08-25 15:10:11,200 [Worker-3] INFO  o.e.m.c.i.e.AbstractTransferListenerAdapter - Downloading https://repo.maven.apache.org/maven2/classworlds/classworlds/1.1-alpha-2/classworlds-1.1-alpha-2.jar
2015-08-25 15:10:11,560 [Worker-3] INFO  o.e.m.c.i.e.AbstractTransferListenerAdapter - Downloaded https://repo.maven.apache.org/maven2/classworlds/classworlds/1.1-alpha-2/classworlds-1.1-alpha-2.jar
2015-08-25 15:10:11,746 [Worker-3] INFO  o.e.m.c.i.e.AbstractTransferListenerAdapter - Downloading https://repo.maven.apache.org/maven2/org/apache/maven/maven-plugin-api/2.0/maven-plugin-api-2.0.jar
2015-08-25 15:10:11,971 [Worker-3] INFO  o.e.m.c.i.e.AbstractTransferListenerAdapter - Downloaded https://repo.maven.apache.org/maven2/org/apache/maven/maven-plugin-api/2.0/maven-plugin-api-2.0.jar
2015-08-25 15:10:12,333 [Worker-3] INFO  o.e.m.c.i.e.AbstractTransferListenerAdapter - Downloading https://repo.maven.apache.org/maven2/org/apache/maven/maven-artifact/2.0/maven-artifact-2.0.jar
2015-08-25 15:10:12,811 [Worker-3] INFO  o.e.m.c.i.e.AbstractTransferListenerAdapter - Downloaded https://repo.maven.apache.org/maven2/org/apache/maven/maven-artifact/2.0/maven-artifact-2.0.jar
2015-08-25 15:10:13,160 [Worker-3] INFO  o.e.m.c.i.e.AbstractTransferListenerAdapter - Downloading https://repo.maven.apache.org/maven2/org/apache/maven/maven-toolchain/1.0/maven-toolchain-1.0.jar
2015-08-25 15:10:13,333 [Worker-3] INFO  o.e.m.c.i.e.AbstractTransferListenerAdapter - Downloaded https://repo.maven.apache.org/maven2/org/apache/maven/maven-toolchain/1.0/maven-toolchain-1.0.jar
2015-08-25 15:10:13,809 [Worker-3] INFO  o.e.m.c.i.e.AbstractTransferListenerAdapter - Downloading https://repo.maven.apache.org/maven2/org/apache/maven/maven-core/2.0.6/maven-core-2.0.6.jar
2015-08-25 15:10:15,048 [Worker-3] INFO  o.e.m.c.i.e.AbstractTransferListenerAdapter - Downloaded https://repo.maven.apache.org/maven2/org/apache/maven/maven-core/2.0.6/maven-core-2.0.6.jar
2015-08-25 15:10:15,531 [Worker-3] INFO  o.e.m.c.i.e.AbstractTransferListenerAdapter - Downloading https://repo.maven.apache.org/maven2/org/apache/maven/maven-settings/2.0.6/maven-settings-2.0.6.jar
2015-08-25 15:10:15,916 [Worker-3] INFO  o.e.m.c.i.e.AbstractTransferListenerAdapter - Downloaded https://repo.maven.apache.org/maven2/org/apache/maven/maven-settings/2.0.6/maven-settings-2.0.6.jar
2015-08-25 15:10:16,352 [Worker-3] INFO  o.e.m.c.i.e.AbstractTransferListenerAdapter - Downloading https://repo.maven.apache.org/maven2/org/apache/maven/maven-plugin-parameter-documenter/2.0.6/maven-plugin-parameter-documenter-2.0.6.jar
2015-08-25 15:10:16,524 [Worker-3] INFO  o.e.m.c.i.e.AbstractTransferListenerAdapter - Downloaded https://repo.maven.apache.org/maven2/org/apache/maven/maven-plugin-parameter-documenter/2.0.6/maven-plugin-parameter-documenter-2.0.6.jar
2015-08-25 15:10:17,157 [Worker-3] INFO  o.e.m.c.i.e.AbstractTransferListenerAdapter - Downloading https://repo.maven.apache.org/maven2/org/apache/maven/maven-profile/2.0.6/maven-profile-2.0.6.jar
2015-08-25 15:10:17,348 [Worker-3] INFO  o.e.m.c.i.e.AbstractTransferListenerAdapter - Downloaded https://repo.maven.apache.org/maven2/org/apache/maven/maven-profile/2.0.6/maven-profile-2.0.6.jar
2015-08-25 15:10:17,970 [Worker-3] INFO  o.e.m.c.i.e.AbstractTransferListenerAdapter - Downloading https://repo.maven.apache.org/maven2/org/apache/maven/maven-model/2.0.6/maven-model-2.0.6.jar
2015-08-25 15:10:19,694 [Worker-3] INFO  o.e.m.c.i.e.AbstractTransferListenerAdapter - Downloaded https://repo.maven.apache.org/maven2/org/apache/maven/maven-model/2.0.6/maven-model-2.0.6.jar
2015-08-25 15:10:20,029 [Worker-3] INFO  o.e.m.c.i.e.AbstractTransferListenerAdapter - Downloading https://repo.maven.apache.org/maven2/org/apache/maven/maven-repository-metadata/2.0.6/maven-repository-metadata-2.0.6.jar
2015-08-25 15:10:20,353 [Worker-3] INFO  o.e.m.c.i.e.AbstractTransferListenerAdapter - Downloaded https://repo.maven.apache.org/maven2/org/apache/maven/maven-repository-metadata/2.0.6/maven-repository-metadata-2.0.6.jar
2015-08-25 15:10:20,678 [Worker-3] INFO  o.e.m.c.i.e.AbstractTransferListenerAdapter - Downloading https://repo.maven.apache.org/maven2/org/apache/maven/maven-error-diagnostics/2.0.6/maven-error-diagnostics-2.0.6.jar
2015-08-25 15:10:20,852 [Worker-3] INFO  o.e.m.c.i.e.AbstractTransferListenerAdapter - Downloaded https://repo.maven.apache.org/maven2/org/apache/maven/maven-error-diagnostics/2.0.6/maven-error-diagnostics-2.0.6.jar
2015-08-25 15:10:21,338 [Worker-3] INFO  o.e.m.c.i.e.AbstractTransferListenerAdapter - Downloading https://repo.maven.apache.org/maven2/org/apache/maven/maven-project/2.0.6/maven-project-2.0.6.jar
2015-08-25 15:10:22,438 [Worker-3] INFO  o.e.m.c.i.e.AbstractTransferListenerAdapter - Downloaded https://repo.maven.apache.org/maven2/org/apache/maven/maven-project/2.0.6/maven-project-2.0.6.jar
2015-08-25 15:10:22,925 [Worker-3] INFO  o.e.m.c.i.e.AbstractTransferListenerAdapter - Downloading https://repo.maven.apache.org/maven2/org/apache/maven/maven-plugin-registry/2.0.6/maven-plugin-registry-2.0.6.jar
2015-08-25 15:10:23,125 [Worker-3] INFO  o.e.m.c.i.e.AbstractTransferListenerAdapter - Downloaded https://repo.maven.apache.org/maven2/org/apache/maven/maven-plugin-registry/2.0.6/maven-plugin-registry-2.0.6.jar
2015-08-25 15:10:23,629 [Worker-3] INFO  o.e.m.c.i.e.AbstractTransferListenerAdapter - Downloading https://repo.maven.apache.org/maven2/org/apache/maven/maven-plugin-descriptor/2.0.6/maven-plugin-descriptor-2.0.6.jar
2015-08-25 15:10:24,125 [Worker-3] INFO  o.e.m.c.i.e.AbstractTransferListenerAdapter - Downloaded https://repo.maven.apache.org/maven2/org/apache/maven/maven-plugin-descriptor/2.0.6/maven-plugin-descriptor-2.0.6.jar
2015-08-25 15:10:24,596 [Worker-3] INFO  o.e.m.c.i.e.AbstractTransferListenerAdapter - Downloading https://repo.maven.apache.org/maven2/org/apache/maven/maven-artifact-manager/2.0.6/maven-artifact-manager-2.0.6.jar
2015-08-25 15:10:25,671 [Worker-3] INFO  o.e.m.c.i.e.AbstractTransferListenerAdapter - Downloaded https://repo.maven.apache.org/maven2/org/apache/maven/maven-artifact-manager/2.0.6/maven-artifact-manager-2.0.6.jar
2015-08-25 15:10:26,201 [Worker-3] INFO  o.e.m.c.i.e.AbstractTransferListenerAdapter - Downloading https://repo.maven.apache.org/maven2/org/apache/maven/maven-monitor/2.0.6/maven-monitor-2.0.6.jar
2015-08-25 15:10:26,389 [Worker-3] INFO  o.e.m.c.i.e.AbstractTransferListenerAdapter - Downloaded https://repo.maven.apache.org/maven2/org/apache/maven/maven-monitor/2.0.6/maven-monitor-2.0.6.jar
2015-08-25 15:10:27,362 [Worker-3] INFO  o.e.m.c.i.l.LifecycleMappingFactory - Using org.eclipse.m2e.jdt.JarLifecycleMapping lifecycle mapping for MavenProject: nz.co.iswe:DroidAirPlay:0.1 @ C:\android2011\DroidAirPlay\pom.xml.
2015-08-25 15:10:27,881 [Worker-3] INFO  o.e.m.c.i.e.AbstractTransferListenerAdapter - Downloaded http://onejar-maven-plugin.googlecode.com/svn/mavenrepo/org/apache/maven/plugins/maven-surefire-plugin/2.12.4/maven-surefire-plugin-2.12.4.pom
2015-08-25 15:10:28,211 [Worker-3] INFO  o.e.m.c.i.e.AbstractTransferListenerAdapter - Downloading https://repo.maven.apache.org/maven2/org/apache/maven/plugins/maven-surefire-plugin/2.12.4/maven-surefire-plugin-2.12.4.pom
2015-08-25 15:10:28,380 [Worker-3] INFO  o.e.m.c.i.e.AbstractTransferListenerAdapter - Downloaded https://repo.maven.apache.org/maven2/org/apache/maven/plugins/maven-surefire-plugin/2.12.4/maven-surefire-plugin-2.12.4.pom
2015-08-25 15:10:28,797 [Worker-3] INFO  o.e.m.c.i.e.AbstractTransferListenerAdapter - Downloaded http://onejar-maven-plugin.googlecode.com/svn/mavenrepo/org/apache/maven/surefire/surefire/2.12.4/surefire-2.12.4.pom
2015-08-25 15:10:29,153 [Worker-3] INFO  o.e.m.c.i.e.AbstractTransferListenerAdapter - Downloading https://repo.maven.apache.org/maven2/org/apache/maven/surefire/surefire/2.12.4/surefire-2.12.4.pom
2015-08-25 15:10:29,329 [Worker-3] INFO  o.e.m.c.i.e.AbstractTransferListenerAdapter - Downloaded https://repo.maven.apache.org/maven2/org/apache/maven/surefire/surefire/2.12.4/surefire-2.12.4.pom
2015-08-25 15:10:29,753 [Worker-3] INFO  o.e.m.c.i.e.AbstractTransferListenerAdapter - Downloaded http://onejar-maven-plugin.googlecode.com/svn/mavenrepo/org/apache/maven/maven-parent/22/maven-parent-22.pom
2015-08-25 15:10:30,088 [Worker-3] INFO  o.e.m.c.i.e.AbstractTransferListenerAdapter - Downloading https://repo.maven.apache.org/maven2/org/apache/maven/maven-parent/22/maven-parent-22.pom
2015-08-25 15:10:30,725 [Worker-3] INFO  o.e.m.c.i.e.AbstractTransferListenerAdapter - Downloaded https://repo.maven.apache.org/maven2/org/apache/maven/maven-parent/22/maven-parent-22.pom
2015-08-25 15:10:31,168 [Worker-3] INFO  o.e.m.c.i.e.AbstractTransferListenerAdapter - Downloaded http://onejar-maven-plugin.googlecode.com/svn/mavenrepo/org/apache/apache/11/apache-11.pom
2015-08-25 15:10:31,669 [Worker-3] INFO  o.e.m.c.i.e.AbstractTransferListenerAdapter - Downloading https://repo.maven.apache.org/maven2/org/apache/apache/11/apache-11.pom
2015-08-25 15:10:31,835 [Worker-3] INFO  o.e.m.c.i.e.AbstractTransferListenerAdapter - Downloaded https://repo.maven.apache.org/maven2/org/apache/apache/11/apache-11.pom
2015-08-25 15:10:32,252 [Worker-3] INFO  o.e.m.c.i.e.AbstractTransferListenerAdapter - Downloaded http://onejar-maven-plugin.googlecode.com/svn/mavenrepo/org/apache/maven/plugins/maven-jar-plugin/2.4/maven-jar-plugin-2.4.pom
2015-08-25 15:10:32,423 [Worker-3] INFO  o.e.m.c.i.e.AbstractTransferListenerAdapter - Downloading https://repo.maven.apache.org/maven2/org/apache/maven/plugins/maven-jar-plugin/2.4/maven-jar-plugin-2.4.pom
2015-08-25 15:10:32,601 [Worker-3] INFO  o.e.m.c.i.e.AbstractTransferListenerAdapter - Downloaded https://repo.maven.apache.org/maven2/org/apache/maven/plugins/maven-jar-plugin/2.4/maven-jar-plugin-2.4.pom
2015-08-25 15:10:33,091 [Worker-3] INFO  o.e.m.c.i.e.AbstractTransferListenerAdapter - Downloaded http://onejar-maven-plugin.googlecode.com/svn/mavenrepo/org/apache/maven/maven-archiver/2.5/maven-archiver-2.5.pom
2015-08-25 15:10:33,263 [Worker-3] INFO  o.e.m.c.i.e.AbstractTransferListenerAdapter - Downloading https://repo.maven.apache.org/maven2/org/apache/maven/maven-archiver/2.5/maven-archiver-2.5.pom
2015-08-25 15:10:33,447 [Worker-3] INFO  o.e.m.c.i.e.AbstractTransferListenerAdapter - Downloaded https://repo.maven.apache.org/maven2/org/apache/maven/maven-archiver/2.5/maven-archiver-2.5.pom
2015-08-25 15:10:33,888 [Worker-3] INFO  o.e.m.c.i.e.AbstractTransferListenerAdapter - Downloaded http://onejar-maven-plugin.googlecode.com/svn/mavenrepo/org/apache/maven/shared/maven-shared-components/17/maven-shared-components-17.pom
2015-08-25 15:10:34,293 [Worker-3] INFO  o.e.m.c.i.e.AbstractTransferListenerAdapter - Downloading https://repo.maven.apache.org/maven2/org/apache/maven/shared/maven-shared-components/17/maven-shared-components-17.pom
2015-08-25 15:10:34,477 [Worker-3] INFO  o.e.m.c.i.e.AbstractTransferListenerAdapter - Downloaded https://repo.maven.apache.org/maven2/org/apache/maven/shared/maven-shared-components/17/maven-shared-components-17.pom
2015-08-25 15:10:34,947 [Worker-3] INFO  o.e.m.c.i.e.AbstractTransferListenerAdapter - Downloaded http://onejar-maven-plugin.googlecode.com/svn/mavenrepo/org/codehaus/plexus/plexus-archiver/2.1/plexus-archiver-2.1.pom
2015-08-25 15:10:35,111 [Worker-3] INFO  o.e.m.c.i.e.AbstractTransferListenerAdapter - Downloading https://repo.maven.apache.org/maven2/org/codehaus/plexus/plexus-archiver/2.1/plexus-archiver-2.1.pom
2015-08-25 15:10:35,265 [Worker-3] INFO  o.e.m.c.i.e.AbstractTransferListenerAdapter - Downloaded https://repo.maven.apache.org/maven2/org/codehaus/plexus/plexus-archiver/2.1/plexus-archiver-2.1.pom
2015-08-25 15:10:35,698 [Worker-3] INFO  o.e.m.c.i.e.AbstractTransferListenerAdapter - Downloaded http://onejar-maven-plugin.googlecode.com/svn/mavenrepo/org/codehaus/plexus/plexus-io/2.0.2/plexus-io-2.0.2.pom
2015-08-25 15:10:35,882 [Worker-3] INFO  o.e.m.c.i.e.AbstractTransferListenerAdapter - Downloading https://repo.maven.apache.org/maven2/org/codehaus/plexus/plexus-io/2.0.2/plexus-io-2.0.2.pom
2015-08-25 15:10:36,061 [Worker-3] INFO  o.e.m.c.i.e.AbstractTransferListenerAdapter - Downloaded https://repo.maven.apache.org/maven2/org/codehaus/plexus/plexus-io/2.0.2/plexus-io-2.0.2.pom
2015-08-25 15:10:36,484 [Worker-3] INFO  o.e.m.c.i.e.AbstractTransferListenerAdapter - Downloaded http://onejar-maven-plugin.googlecode.com/svn/mavenrepo/org/codehaus/plexus/plexus-interpolation/1.15/plexus-interpolation-1.15.pom
2015-08-25 15:10:36,655 [Worker-3] INFO  o.e.m.c.i.e.AbstractTransferListenerAdapter - Downloading https://repo.maven.apache.org/maven2/org/codehaus/plexus/plexus-interpolation/1.15/plexus-interpolation-1.15.pom
2015-08-25 15:10:36,832 [Worker-3] INFO  o.e.m.c.i.e.AbstractTransferListenerAdapter - Downloaded https://repo.maven.apache.org/maven2/org/codehaus/plexus/plexus-interpolation/1.15/plexus-interpolation-1.15.pom
2015-08-25 15:10:37,262 [Worker-3] INFO  o.e.m.c.i.e.AbstractTransferListenerAdapter - Downloaded http://onejar-maven-plugin.googlecode.com/svn/mavenrepo/org/apache/maven/maven-plugin-api/2.0.6/maven-plugin-api-2.0.6.jar
2015-08-25 15:10:37,690 [Worker-3] INFO  o.e.m.c.i.e.AbstractTransferListenerAdapter - Downloaded http://onejar-maven-plugin.googlecode.com/svn/mavenrepo/org/apache/maven/maven-artifact/2.0.6/maven-artifact-2.0.6.jar
2015-08-25 15:10:38,101 [Worker-3] INFO  o.e.m.c.i.e.AbstractTransferListenerAdapter - Downloaded http://onejar-maven-plugin.googlecode.com/svn/mavenrepo/org/apache/maven/maven-archiver/2.5/maven-archiver-2.5.jar
2015-08-25 15:10:38,511 [Worker-3] INFO  o.e.m.c.i.e.AbstractTransferListenerAdapter - Downloaded http://onejar-maven-plugin.googlecode.com/svn/mavenrepo/org/codehaus/plexus/plexus-interpolation/1.15/plexus-interpolation-1.15.jar
2015-08-25 15:10:38,945 [Worker-3] INFO  o.e.m.c.i.e.AbstractTransferListenerAdapter - Downloaded http://onejar-maven-plugin.googlecode.com/svn/mavenrepo/org/codehaus/plexus/plexus-archiver/2.1/plexus-archiver-2.1.jar
2015-08-25 15:10:39,349 [Worker-3] INFO  o.e.m.c.i.e.AbstractTransferListenerAdapter - Downloaded http://onejar-maven-plugin.googlecode.com/svn/mavenrepo/org/codehaus/plexus/plexus-io/2.0.2/plexus-io-2.0.2.jar
2015-08-25 15:10:39,850 [Worker-3] INFO  o.e.m.c.i.e.AbstractTransferListenerAdapter - Downloading https://repo.maven.apache.org/maven2/org/apache/maven/maven-plugin-api/2.0.6/maven-plugin-api-2.0.6.jar
2015-08-25 15:10:40,046 [Worker-3] INFO  o.e.m.c.i.e.AbstractTransferListenerAdapter - Downloaded https://repo.maven.apache.org/maven2/org/apache/maven/maven-plugin-api/2.0.6/maven-plugin-api-2.0.6.jar
2015-08-25 15:10:40,514 [Worker-3] INFO  o.e.m.c.i.e.AbstractTransferListenerAdapter - Downloading https://repo.maven.apache.org/maven2/org/apache/maven/maven-artifact/2.0.6/maven-artifact-2.0.6.jar
2015-08-25 15:10:42,047 [Worker-3] INFO  o.e.m.c.i.e.AbstractTransferListenerAdapter - Downloaded https://repo.maven.apache.org/maven2/org/apache/maven/maven-artifact/2.0.6/maven-artifact-2.0.6.jar
2015-08-25 15:10:42,375 [Worker-3] INFO  o.e.m.c.i.e.AbstractTransferListenerAdapter - Downloading https://repo.maven.apache.org/maven2/org/apache/maven/maven-archiver/2.5/maven-archiver-2.5.jar
2015-08-25 15:10:42,732 [Worker-3] INFO  o.e.m.c.i.e.AbstractTransferListenerAdapter - Downloaded https://repo.maven.apache.org/maven2/org/apache/maven/maven-archiver/2.5/maven-archiver-2.5.jar
2015-08-25 15:10:43,067 [Worker-3] INFO  o.e.m.c.i.e.AbstractTransferListenerAdapter - Downloading https://repo.maven.apache.org/maven2/org/codehaus/plexus/plexus-interpolation/1.15/plexus-interpolation-1.15.jar
2015-08-25 15:10:44,123 [Worker-3] INFO  o.e.m.c.i.e.AbstractTransferListenerAdapter - Downloaded https://repo.maven.apache.org/maven2/org/codehaus/plexus/plexus-interpolation/1.15/plexus-interpolation-1.15.jar
2015-08-25 15:10:44,604 [Worker-3] INFO  o.e.m.c.i.e.AbstractTransferListenerAdapter - Downloading https://repo.maven.apache.org/maven2/org/codehaus/plexus/plexus-archiver/2.1/plexus-archiver-2.1.jar
2015-08-25 15:10:47,704 [Worker-3] INFO  o.e.m.c.i.e.AbstractTransferListenerAdapter - Downloaded https://repo.maven.apache.org/maven2/org/codehaus/plexus/plexus-archiver/2.1/plexus-archiver-2.1.jar
2015-08-25 15:10:48,199 [Worker-3] INFO  o.e.m.c.i.e.AbstractTransferListenerAdapter - Downloading https://repo.maven.apache.org/maven2/org/codehaus/plexus/plexus-io/2.0.2/plexus-io-2.0.2.jar
2015-08-25 15:10:48,530 [Worker-3] INFO  o.e.m.c.i.e.AbstractTransferListenerAdapter - Downloaded https://repo.maven.apache.org/maven2/org/codehaus/plexus/plexus-io/2.0.2/plexus-io-2.0.2.jar
2015-08-25 15:10:49,428 [Worker-3] INFO  o.e.m.c.i.e.AbstractTransferListenerAdapter - Downloaded http://onejar-maven-plugin.googlecode.com/svn/mavenrepo/classworlds/classworlds/1.1/classworlds-1.1.jar
2015-08-25 15:10:49,894 [Worker-3] INFO  o.e.m.c.i.e.AbstractTransferListenerAdapter - Downloading https://repo.maven.apache.org/maven2/classworlds/classworlds/1.1/classworlds-1.1.jar
2015-08-25 15:10:50,268 [Worker-3] INFO  o.e.m.c.i.e.AbstractTransferListenerAdapter - Downloaded https://repo.maven.apache.org/maven2/classworlds/classworlds/1.1/classworlds-1.1.jar
2015-08-25 15:10:50,348 [Worker-3] INFO  o.e.m.c.i.embedder.EclipseLogger - Using 'UTF-8' encoding to copy filtered resources.
2015-08-25 15:10:50,354 [Worker-3] INFO  o.e.m.c.i.embedder.EclipseLogger - Copying 1 resource
2015-08-25 15:10:50,374 [Worker-3] INFO  o.e.m.c.i.embedder.EclipseLogger - Copying 2 resources
2015-08-25 15:10:50,378 [Worker-3] INFO  o.e.m.c.i.embedder.EclipseLogger - Using 'UTF-8' encoding to copy filtered resources.
2015-08-25 15:10:50,378 [Worker-3] INFO  o.e.m.c.i.embedder.EclipseLogger - skip non existing resourceDirectory C:\android2011\DroidAirPlay\src\test\resources
2015-08-25 15:10:50,568 [Worker-14] INFO  o.e.m.c.i.l.LifecycleMappingFactory - Using org.eclipse.m2e.jdt.JarLifecycleMapping lifecycle mapping for MavenProject: nz.co.iswe:DroidAirPlay:0.1 @ C:\android2011\DroidAirPlay\pom.xml.
2015-08-25 15:10:50,800 [Worker-3] INFO  o.e.m.c.i.embedder.EclipseLogger - Using 'UTF-8' encoding to copy filtered resources.
2015-08-25 15:10:50,801 [Worker-3] INFO  o.e.m.c.i.embedder.EclipseLogger - Copying 1 resource
2015-08-25 15:10:53,334 [Worker-5] INFO  o.e.m.c.i.embedder.EclipseLogger - Using 'UTF-8' encoding to copy filtered resources.
2015-08-25 15:10:53,338 [Worker-5] INFO  o.e.m.c.i.embedder.EclipseLogger - Copying 1 resource
2015-08-25 15:10:53,343 [Worker-5] INFO  o.e.m.c.i.embedder.EclipseLogger - Copying 2 resources
2015-08-25 15:10:53,348 [Worker-5] INFO  o.e.m.c.i.embedder.EclipseLogger - Using 'UTF-8' encoding to copy filtered resources.
2015-08-25 15:10:53,351 [Worker-5] INFO  o.e.m.c.i.embedder.EclipseLogger - skip non existing resourceDirectory C:\android2011\DroidAirPlay\src\test\resources
2015-08-25 15:10:53,366 [Worker-5] INFO  o.e.m.c.i.embedder.EclipseLogger - Using 'UTF-8' encoding to copy filtered resources.
2015-08-25 15:10:53,369 [Worker-5] INFO  o.e.m.c.i.embedder.EclipseLogger - Copying 1 resource
2015-08-25 15:12:09,517 [main] INFO  o.e.m2e.actions.ExecutePomAction - Creating new launch configuration
2015-08-25 15:12:15,378 [Worker-8] INFO  o.e.m.i.launch.MavenLaunchDelegate - C:\android2011\DroidAirPlay
2015-08-25 15:12:15,378 [Worker-8] INFO  o.e.m.i.launch.MavenLaunchDelegate -  mvn  -B 
2015-08-25 15:12:15,537 [Worker-5] INFO  o.e.m.c.i.embedder.EclipseLogger - Using 'UTF-8' encoding to copy filtered resources.
2015-08-25 15:12:15,538 [Worker-5] INFO  o.e.m.c.i.embedder.EclipseLogger - Copying 1 resource
2015-08-25 15:12:15,545 [Worker-5] INFO  o.e.m.c.i.embedder.EclipseLogger - Copying 2 resources
2015-08-25 15:12:15,545 [Worker-5] INFO  o.e.m.c.i.embedder.EclipseLogger - Using 'UTF-8' encoding to copy filtered resources.
2015-08-25 15:12:15,550 [Worker-5] INFO  o.e.m.c.i.embedder.EclipseLogger - skip non existing resourceDirectory C:\android2011\DroidAirPlay\src\test\resources
2015-08-25 15:12:15,554 [Worker-5] INFO  o.e.m.c.i.embedder.EclipseLogger - Using 'UTF-8' encoding to copy filtered resources.
2015-08-25 15:12:15,555 [Worker-5] INFO  o.e.m.c.i.embedder.EclipseLogger - Copying 1 resource
2015-08-25 15:12:19,374 [Worker-5] INFO  o.e.m.c.i.e.AbstractTransferListenerAdapter - Downloading https://repo.maven.apache.org/maven2/io/takari/m2e/workspace/org.eclipse.m2e.workspace.cli/0.3.1/org.eclipse.m2e.workspace.cli-0.3.1-sources.jar
2015-08-25 15:12:19,560 [Worker-5] INFO  o.e.m.c.i.e.AbstractTransferListenerAdapter - Downloaded https://repo.maven.apache.org/maven2/io/takari/m2e/workspace/org.eclipse.m2e.workspace.cli/0.3.1/org.eclipse.m2e.workspace.cli-0.3.1-sources.jar
2015-08-25 15:12:20,031 [Worker-5] INFO  o.e.m.c.i.e.AbstractTransferListenerAdapter - Downloading https://repo.maven.apache.org/maven2/org/codehaus/plexus/plexus-classworlds/2.5.2/plexus-classworlds-2.5.2-sources.jar
2015-08-25 15:12:20,433 [Worker-5] INFO  o.e.m.c.i.e.AbstractTransferListenerAdapter - Downloaded https://repo.maven.apache.org/maven2/org/codehaus/plexus/plexus-classworlds/2.5.2/plexus-classworlds-2.5.2-sources.jar
2015-08-25 15:12:20,650 [Worker-5] INFO  o.e.m.c.i.e.AbstractTransferListenerAdapter - Downloading https://repo.maven.apache.org/maven2/io/takari/aether/takari-local-repository/0.9.0/takari-local-repository-0.9.0-sources.jar
2015-08-25 15:12:20,837 [Worker-5] INFO  o.e.m.c.i.e.AbstractTransferListenerAdapter - Downloaded https://repo.maven.apache.org/maven2/io/takari/aether/takari-local-repository/0.9.0/takari-local-repository-0.9.0-sources.jar
2015-08-25 15:12:21,072 [Worker-5] INFO  o.e.m.c.i.e.AbstractTransferListenerAdapter - Downloading https://repo.maven.apache.org/maven2/io/takari/takari-filemanager/0.7.0/takari-filemanager-0.7.0-sources.jar
2015-08-25 15:12:21,246 [Worker-5] INFO  o.e.m.c.i.e.AbstractTransferListenerAdapter - Downloaded https://repo.maven.apache.org/maven2/io/takari/takari-filemanager/0.7.0/takari-filemanager-0.7.0-sources.jar
2015-08-25 15:12:21,813 [Worker-5] INFO  o.e.m.c.i.e.AbstractTransferListenerAdapter - Downloading https://repo.maven.apache.org/maven2/org/apache/maven/maven-core/3.3.3/maven-core-3.3.3-sources.jar
2015-08-25 15:12:29,114 [Worker-5] INFO  o.e.m.c.i.e.AbstractTransferListenerAdapter - Downloaded https://repo.maven.apache.org/maven2/org/apache/maven/maven-core/3.3.3/maven-core-3.3.3-sources.jar
2015-08-25 15:12:29,711 [Worker-5] INFO  o.e.m.c.i.e.AbstractTransferListenerAdapter - Downloading https://repo.maven.apache.org/maven2/org/apache/maven/maven-model/3.3.3/maven-model-3.3.3-sources.jar
2015-08-25 15:12:31,101 [Worker-5] INFO  o.e.m.c.i.e.AbstractTransferListenerAdapter - Downloaded https://repo.maven.apache.org/maven2/org/apache/maven/maven-model/3.3.3/maven-model-3.3.3-sources.jar
2015-08-25 15:12:31,688 [Worker-5] INFO  o.e.m.c.i.e.AbstractTransferListenerAdapter - Downloading https://repo.maven.apache.org/maven2/org/apache/maven/maven-settings/3.3.3/maven-settings-3.3.3-sources.jar
2015-08-25 15:12:31,893 [Worker-5] INFO  o.e.m.c.i.e.AbstractTransferListenerAdapter - Downloaded https://repo.maven.apache.org/maven2/org/apache/maven/maven-settings/3.3.3/maven-settings-3.3.3-sources.jar
2015-08-25 15:12:32,622 [Worker-5] INFO  o.e.m.c.i.e.AbstractTransferListenerAdapter - Downloading https://repo.maven.apache.org/maven2/org/apache/maven/maven-settings-builder/3.3.3/maven-settings-builder-3.3.3-sources.jar
2015-08-25 15:12:33,139 [Worker-5] INFO  o.e.m.c.i.e.AbstractTransferListenerAdapter - Downloaded https://repo.maven.apache.org/maven2/org/apache/maven/maven-settings-builder/3.3.3/maven-settings-builder-3.3.3-sources.jar
2015-08-25 15:12:33,583 [Worker-5] INFO  o.e.m.c.i.e.AbstractTransferListenerAdapter - Downloading https://repo.maven.apache.org/maven2/org/apache/maven/maven-builder-support/3.3.3/maven-builder-support-3.3.3-sources.jar
2015-08-25 15:12:33,817 [Worker-5] INFO  o.e.m.c.i.e.AbstractTransferListenerAdapter - Downloaded https://repo.maven.apache.org/maven2/org/apache/maven/maven-builder-support/3.3.3/maven-builder-support-3.3.3-sources.jar
2015-08-25 15:12:34,254 [Worker-5] INFO  o.e.m.c.i.e.AbstractTransferListenerAdapter - Downloading https://repo.maven.apache.org/maven2/org/apache/maven/maven-repository-metadata/3.3.3/maven-repository-metadata-3.3.3-sources.jar
2015-08-25 15:12:34,585 [Worker-5] INFO  o.e.m.c.i.e.AbstractTransferListenerAdapter - Downloaded https://repo.maven.apache.org/maven2/org/apache/maven/maven-repository-metadata/3.3.3/maven-repository-metadata-3.3.3-sources.jar
2015-08-25 15:12:35,147 [Worker-5] INFO  o.e.m.c.i.e.AbstractTransferListenerAdapter - Downloading https://repo.maven.apache.org/maven2/org/apache/maven/maven-artifact/3.3.3/maven-artifact-3.3.3-sources.jar
2015-08-25 15:12:36,075 [Worker-5] INFO  o.e.m.c.i.e.AbstractTransferListenerAdapter - Downloaded https://repo.maven.apache.org/maven2/org/apache/maven/maven-artifact/3.3.3/maven-artifact-3.3.3-sources.jar
2015-08-25 15:12:36,637 [Worker-5] INFO  o.e.m.c.i.e.AbstractTransferListenerAdapter - Downloading https://repo.maven.apache.org/maven2/org/apache/maven/maven-plugin-api/3.3.3/maven-plugin-api-3.3.3-sources.jar
2015-08-25 15:12:37,375 [Worker-5] INFO  o.e.m.c.i.e.AbstractTransferListenerAdapter - Downloaded https://repo.maven.apache.org/maven2/org/apache/maven/maven-plugin-api/3.3.3/maven-plugin-api-3.3.3-sources.jar
2015-08-25 15:12:37,838 [Worker-5] INFO  o.e.m.c.i.e.AbstractTransferListenerAdapter - Downloading https://repo.maven.apache.org/maven2/org/apache/maven/maven-model-builder/3.3.3/maven-model-builder-3.3.3-sources.jar
2015-08-25 15:12:40,326 [Worker-5] INFO  o.e.m.c.i.e.AbstractTransferListenerAdapter - Downloaded https://repo.maven.apache.org/maven2/org/apache/maven/maven-model-builder/3.3.3/maven-model-builder-3.3.3-sources.jar
2015-08-25 15:12:41,109 [Worker-5] INFO  o.e.m.c.i.e.AbstractTransferListenerAdapter - Downloading https://repo.maven.apache.org/maven2/org/apache/maven/maven-aether-provider/3.3.3/maven-aether-provider-3.3.3-sources.jar
2015-08-25 15:12:41,856 [Worker-5] INFO  o.e.m.c.i.e.AbstractTransferListenerAdapter - Downloaded https://repo.maven.apache.org/maven2/org/apache/maven/maven-aether-provider/3.3.3/maven-aether-provider-3.3.3-sources.jar
2015-08-25 15:12:42,287 [Worker-5] INFO  o.e.m.c.i.e.AbstractTransferListenerAdapter - Downloading https://repo.maven.apache.org/maven2/org/eclipse/aether/aether-api/1.0.2.v20150114/aether-api-1.0.2.v20150114-sources.jar
2015-08-25 15:12:44,600 [Worker-5] INFO  o.e.m.c.i.e.AbstractTransferListenerAdapter - Downloaded https://repo.maven.apache.org/maven2/org/eclipse/aether/aether-api/1.0.2.v20150114/aether-api-1.0.2.v20150114-sources.jar
2015-08-25 15:12:45,171 [Worker-5] INFO  o.e.m.c.i.e.AbstractTransferListenerAdapter - Downloading https://repo.maven.apache.org/maven2/org/eclipse/aether/aether-util/1.0.2.v20150114/aether-util-1.0.2.v20150114-sources.jar
2015-08-25 15:12:47,542 [Worker-5] INFO  o.e.m.c.i.e.AbstractTransferListenerAdapter - Downloaded https://repo.maven.apache.org/maven2/org/eclipse/aether/aether-util/1.0.2.v20150114/aether-util-1.0.2.v20150114-sources.jar
2015-08-25 15:12:48,135 [Worker-5] INFO  o.e.m.c.i.e.AbstractTransferListenerAdapter - Downloading https://repo.maven.apache.org/maven2/org/codehaus/plexus/plexus-interpolation/1.21/plexus-interpolation-1.21-sources.jar
2015-08-25 15:12:49,470 [Worker-5] INFO  o.e.m.c.i.e.AbstractTransferListenerAdapter - Downloaded https://repo.maven.apache.org/maven2/org/codehaus/plexus/plexus-interpolation/1.21/plexus-interpolation-1.21-sources.jar
2015-08-25 15:12:49,855 [Worker-5] INFO  o.e.m.c.i.e.AbstractTransferListenerAdapter - Downloading https://repo.maven.apache.org/maven2/org/codehaus/plexus/plexus-utils/3.0.20/plexus-utils-3.0.20-sources.jar
2015-08-25 15:12:52,338 [Worker-5] INFO  o.e.m.c.i.e.AbstractTransferListenerAdapter - Downloaded https://repo.maven.apache.org/maven2/org/codehaus/plexus/plexus-utils/3.0.20/plexus-utils-3.0.20-sources.jar
2015-08-25 15:12:52,578 [Worker-5] INFO  o.e.m.c.i.e.AbstractTransferListenerAdapter - Downloading https://repo.maven.apache.org/maven2/org/codehaus/plexus/plexus-component-annotations/1.5.5/plexus-component-annotations-1.5.5-sources.jar
2015-08-25 15:12:52,788 [Worker-5] INFO  o.e.m.c.i.e.AbstractTransferListenerAdapter - Downloaded https://repo.maven.apache.org/maven2/org/codehaus/plexus/plexus-component-annotations/1.5.5/plexus-component-annotations-1.5.5-sources.jar
2015-08-25 15:12:53,242 [Worker-5] INFO  o.e.m.c.i.e.AbstractTransferListenerAdapter - Downloading https://repo.maven.apache.org/maven2/org/sonatype/plexus/plexus-sec-dispatcher/1.3/plexus-sec-dispatcher-1.3-sources.jar
2015-08-25 15:12:54,346 [Worker-5] INFO  o.e.m.c.i.e.AbstractTransferListenerAdapter - Downloaded https://repo.maven.apache.org/maven2/org/sonatype/plexus/plexus-sec-dispatcher/1.3/plexus-sec-dispatcher-1.3-sources.jar
2015-08-25 15:12:55,083 [Worker-5] INFO  o.e.m.c.i.e.AbstractTransferListenerAdapter - Downloading https://repo.maven.apache.org/maven2/org/apache/maven/maven-embedder/3.3.3/maven-embedder-3.3.3-sources.jar
2015-08-25 15:12:56,078 [Worker-5] INFO  o.e.m.c.i.e.AbstractTransferListenerAdapter - Downloaded https://repo.maven.apache.org/maven2/org/apache/maven/maven-embedder/3.3.3/maven-embedder-3.3.3-sources.jar
2015-08-25 15:12:56,480 [Worker-5] INFO  o.e.m.c.i.e.AbstractTransferListenerAdapter - Downloading https://repo.maven.apache.org/maven2/org/sonatype/plexus/plexus-cipher/1.7/plexus-cipher-1.7-sources.jar
2015-08-25 15:12:56,688 [Worker-5] INFO  o.e.m.c.i.e.AbstractTransferListenerAdapter - Downloaded https://repo.maven.apache.org/maven2/org/sonatype/plexus/plexus-cipher/1.7/plexus-cipher-1.7-sources.jar
2015-08-25 15:12:57,152 [Worker-5] INFO  o.e.m.c.i.e.AbstractTransferListenerAdapter - Downloading https://repo.maven.apache.org/maven2/commons-cli/commons-cli/1.2/commons-cli-1.2-sources.jar
2015-08-25 15:12:57,852 [Worker-5] INFO  o.e.m.c.i.e.AbstractTransferListenerAdapter - Downloaded https://repo.maven.apache.org/maven2/commons-cli/commons-cli/1.2/commons-cli-1.2-sources.jar
2015-08-25 15:12:58,460 [Worker-5] INFO  o.e.m.c.i.e.AbstractTransferListenerAdapter - Downloading https://repo.maven.apache.org/maven2/org/apache/maven/maven-compat/3.3.3/maven-compat-3.3.3-sources.jar
2015-08-25 15:13:01,783 [Worker-5] INFO  o.e.m.c.i.e.AbstractTransferListenerAdapter - Downloaded https://repo.maven.apache.org/maven2/org/apache/maven/maven-compat/3.3.3/maven-compat-3.3.3-sources.jar
2015-08-25 15:13:02,195 [Worker-5] INFO  o.e.m.c.i.e.AbstractTransferListenerAdapter - Downloading https://repo.maven.apache.org/maven2/org/apache/maven/wagon/wagon-provider-api/2.9/wagon-provider-api-2.9-sources.jar
2015-08-25 15:13:02,731 [Worker-5] INFO  o.e.m.c.i.e.AbstractTransferListenerAdapter - Downloaded https://repo.maven.apache.org/maven2/org/apache/maven/wagon/wagon-provider-api/2.9/wagon-provider-api-2.9-sources.jar
2015-08-25 15:13:03,315 [Worker-5] INFO  o.e.m.c.i.e.AbstractTransferListenerAdapter - Downloading https://repo.maven.apache.org/maven2/javax/enterprise/cdi-api/1.0/cdi-api-1.0-sources.jar
2015-08-25 15:13:04,164 [Worker-5] INFO  o.e.m.c.i.e.AbstractTransferListenerAdapter - Downloaded https://repo.maven.apache.org/maven2/javax/enterprise/cdi-api/1.0/cdi-api-1.0-sources.jar
2015-08-25 15:13:04,718 [Worker-5] INFO  o.e.m.c.i.e.AbstractTransferListenerAdapter - Downloading https://repo.maven.apache.org/maven2/com/google/guava/guava/18.0/guava-18.0-sources.jar
2015-08-25 15:13:17,914 [Worker-5] INFO  o.e.m.c.i.e.AbstractTransferListenerAdapter - Downloaded https://repo.maven.apache.org/maven2/com/google/guava/guava/18.0/guava-18.0-sources.jar
2015-08-25 15:13:18,501 [Worker-5] INFO  o.e.m.c.i.e.AbstractTransferListenerAdapter - Downloading https://repo.maven.apache.org/maven2/org/eclipse/aether/aether-impl/1.0.2.v20150114/aether-impl-1.0.2.v20150114-sources.jar
2015-08-25 15:13:19,517 [Worker-5] INFO  o.e.m.c.i.e.AbstractTransferListenerAdapter - Downloaded https://repo.maven.apache.org/maven2/org/eclipse/aether/aether-impl/1.0.2.v20150114/aether-impl-1.0.2.v20150114-sources.jar
2015-08-25 15:13:20,136 [Worker-5] INFO  o.e.m.c.i.e.AbstractTransferListenerAdapter - Downloading https://repo.maven.apache.org/maven2/org/eclipse/aether/aether-spi/1.0.2.v20150114/aether-spi-1.0.2.v20150114-sources.jar
2015-08-25 15:13:20,660 [Worker-5] INFO  o.e.m.c.i.e.AbstractTransferListenerAdapter - Downloaded https://repo.maven.apache.org/maven2/org/eclipse/aether/aether-spi/1.0.2.v20150114/aether-spi-1.0.2.v20150114-sources.jar
2015-08-25 15:13:21,228 [Worker-5] INFO  o.e.m.c.i.e.AbstractTransferListenerAdapter - Downloading https://repo.maven.apache.org/maven2/io/takari/aether/aether-connector-okhttp/0.15.0/aether-connector-okhttp-0.15.0-sources.jar
2015-08-25 15:13:21,410 [Worker-5] INFO  o.e.m.c.i.e.AbstractTransferListenerAdapter - Downloaded https://repo.maven.apache.org/maven2/io/takari/aether/aether-connector-okhttp/0.15.0/aether-connector-okhttp-0.15.0-sources.jar
2015-08-25 15:13:21,826 [Worker-5] INFO  o.e.m.c.i.e.AbstractTransferListenerAdapter - Downloading https://repo.maven.apache.org/maven2/com/squareup/okhttp/okhttp/2.3.0/okhttp-2.3.0-sources.jar
2015-08-25 15:13:24,819 [Worker-5] INFO  o.e.m.c.i.e.AbstractTransferListenerAdapter - Downloaded https://repo.maven.apache.org/maven2/com/squareup/okhttp/okhttp/2.3.0/okhttp-2.3.0-sources.jar
2015-08-25 15:13:25,392 [Worker-5] INFO  o.e.m.c.i.e.AbstractTransferListenerAdapter - Downloading https://repo.maven.apache.org/maven2/com/squareup/okio/okio/1.3.0/okio-1.3.0-sources.jar
2015-08-25 15:13:25,900 [Worker-5] INFO  o.e.m.c.i.e.AbstractTransferListenerAdapter - Downloaded https://repo.maven.apache.org/maven2/com/squareup/okio/okio/1.3.0/okio-1.3.0-sources.jar
2015-08-25 15:13:26,462 [Worker-5] INFO  o.e.m.c.i.e.AbstractTransferListenerAdapter - Downloading https://repo.maven.apache.org/maven2/org/eclipse/aether/aether-connector-basic/1.0.2.v20150114/aether-connector-basic-1.0.2.v20150114-sources.jar
2015-08-25 15:13:26,659 [Worker-5] INFO  o.e.m.c.i.e.AbstractTransferListenerAdapter - Downloaded https://repo.maven.apache.org/maven2/org/eclipse/aether/aether-connector-basic/1.0.2.v20150114/aether-connector-basic-1.0.2.v20150114-sources.jar
2015-08-25 15:13:27,041 [Worker-5] INFO  o.e.m.c.i.e.AbstractTransferListenerAdapter - Downloading https://repo.maven.apache.org/maven2/org/eclipse/aether/aether-transport-wagon/1.0.2.v20150114/aether-transport-wagon-1.0.2.v20150114-sources.jar
2015-08-25 15:13:27,228 [Worker-5] INFO  o.e.m.c.i.e.AbstractTransferListenerAdapter - Downloaded https://repo.maven.apache.org/maven2/org/eclipse/aether/aether-transport-wagon/1.0.2.v20150114/aether-transport-wagon-1.0.2.v20150114-sources.jar
2015-08-25 15:13:27,450 [Worker-5] INFO  o.e.m.c.i.e.AbstractTransferListenerAdapter - Downloading https://repo.maven.apache.org/maven2/org/apache/maven/wagon/wagon-file/2.9/wagon-file-2.9-sources.jar
2015-08-25 15:13:27,649 [Worker-5] INFO  o.e.m.c.i.e.AbstractTransferListenerAdapter - Downloaded https://repo.maven.apache.org/maven2/org/apache/maven/wagon/wagon-file/2.9/wagon-file-2.9-sources.jar
2015-08-25 15:13:28,206 [Worker-5] INFO  o.e.m.c.i.e.AbstractTransferListenerAdapter - Downloading https://repo.maven.apache.org/maven2/commons-lang/commons-lang/2.6/commons-lang-2.6-sources.jar
2015-08-25 15:13:32,392 [Worker-5] INFO  o.e.m.c.i.e.AbstractTransferListenerAdapter - Downloaded https://repo.maven.apache.org/maven2/commons-lang/commons-lang/2.6/commons-lang-2.6-sources.jar
2015-08-25 15:13:32,881 [Worker-5] INFO  o.e.m.c.i.e.AbstractTransferListenerAdapter - Downloading https://repo.maven.apache.org/maven2/org/slf4j/slf4j-simple/1.7.5/slf4j-simple-1.7.5-sources.jar
2015-08-25 15:13:33,073 [Worker-5] INFO  o.e.m.c.i.e.AbstractTransferListenerAdapter - Downloaded https://repo.maven.apache.org/maven2/org/slf4j/slf4j-simple/1.7.5/slf4j-simple-1.7.5-sources.jar
2015-08-25 15:18:40,079 [Worker-14] INFO  o.e.m.i.launch.MavenLaunchDelegate - C:\android2011\DroidAirPlay
2015-08-25 15:18:40,082 [Worker-14] INFO  o.e.m.i.launch.MavenLaunchDelegate -  mvn  -B install
2015-08-25 15:18:44,485 [Worker-17] INFO  o.e.m.c.i.embedder.EclipseLogger - Using 'UTF-8' encoding to copy filtered resources.
2015-08-25 15:18:44,488 [Worker-17] INFO  o.e.m.c.i.embedder.EclipseLogger - Copying 1 resource
2015-08-25 15:18:44,498 [Worker-17] INFO  o.e.m.c.i.embedder.EclipseLogger - Copying 2 resources
2015-08-25 15:18:44,506 [Worker-17] INFO  o.e.m.c.i.embedder.EclipseLogger - Using 'UTF-8' encoding to copy filtered resources.
2015-08-25 15:18:44,506 [Worker-17] INFO  o.e.m.c.i.embedder.EclipseLogger - skip non existing resourceDirectory C:\android2011\DroidAirPlay\src\test\resources
2015-08-25 15:18:44,512 [Worker-17] INFO  o.e.m.c.i.embedder.EclipseLogger - Using 'UTF-8' encoding to copy filtered resources.
2015-08-25 15:18:44,512 [Worker-17] INFO  o.e.m.c.i.embedder.EclipseLogger - Copying 1 resource
2015-08-25 15:19:43,185 [main] INFO  o.e.m2e.actions.ExecutePomAction - Creating new launch configuration
2015-08-25 16:56:24,839 [Worker-7] INFO  o.e.m.c.i.embedder.EclipseLogger - Using 'UTF-8' encoding to copy filtered resources.
2015-08-25 16:56:24,844 [Worker-7] INFO  o.e.m.c.i.embedder.EclipseLogger - Copying 1 resource
2015-08-25 16:56:24,857 [Worker-7] INFO  o.e.m.c.i.embedder.EclipseLogger - Copying 2 resources
2015-08-25 16:56:24,858 [Worker-7] INFO  o.e.m.c.i.embedder.EclipseLogger - Using 'UTF-8' encoding to copy filtered resources.
2015-08-25 16:56:24,859 [Worker-7] INFO  o.e.m.c.i.embedder.EclipseLogger - skip non existing resourceDirectory C:\android2011\DroidAirPlay\src\test\resources
2015-08-25 16:56:25,093 [Worker-7] INFO  o.e.m.c.i.embedder.EclipseLogger - Using 'UTF-8' encoding to copy filtered resources.
2015-08-25 16:56:25,094 [Worker-7] INFO  o.e.m.c.i.embedder.EclipseLogger - Copying 1 resource
2015-08-25 17:58:06,371 [Worker-7] INFO  o.e.m.c.i.embedder.EclipseLogger - Using 'UTF-8' encoding to copy filtered resources.
2015-08-25 17:58:06,371 [Worker-7] INFO  o.e.m.c.i.embedder.EclipseLogger - Copying 1 resource
2015-08-25 17:58:06,387 [Worker-7] INFO  o.e.m.c.i.embedder.EclipseLogger - Copying 2 resources
2015-08-25 17:58:06,387 [Worker-7] INFO  o.e.m.c.i.embedder.EclipseLogger - Using 'UTF-8' encoding to copy filtered resources.
2015-08-25 17:58:06,387 [Worker-7] INFO  o.e.m.c.i.embedder.EclipseLogger - skip non existing resourceDirectory C:\android2011\DroidAirPlay\src\test\resources
2015-08-25 17:58:06,637 [Worker-7] INFO  o.e.m.c.i.embedder.EclipseLogger - Using 'UTF-8' encoding to copy filtered resources.
2015-08-25 17:58:06,637 [Worker-7] INFO  o.e.m.c.i.embedder.EclipseLogger - Copying 1 resource
2015-08-26 09:26:32,827 [Worker-9] INFO  o.e.m.c.i.embedder.EclipseLogger - Using 'UTF-8' encoding to copy filtered resources.
2015-08-26 09:26:32,834 [Worker-9] INFO  o.e.m.c.i.embedder.EclipseLogger - Copying 1 resource
2015-08-26 09:26:32,856 [Worker-9] INFO  o.e.m.c.i.embedder.EclipseLogger - Copying 2 resources
2015-08-26 09:26:32,860 [Worker-9] INFO  o.e.m.c.i.embedder.EclipseLogger - Using 'UTF-8' encoding to copy filtered resources.
2015-08-26 09:26:32,860 [Worker-9] INFO  o.e.m.c.i.embedder.EclipseLogger - skip non existing resourceDirectory C:\android2011\DroidAirPlay\src\test\resources
2015-08-26 09:26:33,285 [Worker-9] INFO  o.e.m.c.i.embedder.EclipseLogger - Using 'UTF-8' encoding to copy filtered resources.
2015-08-26 09:26:33,286 [Worker-9] INFO  o.e.m.c.i.embedder.EclipseLogger - Copying 1 resource
2015-08-27 10:28:02,287 [Worker-10] INFO  o.e.m.c.i.embedder.EclipseLogger - Using 'UTF-8' encoding to copy filtered resources.
2015-08-27 10:28:02,294 [Worker-10] INFO  o.e.m.c.i.embedder.EclipseLogger - Copying 1 resource
2015-08-27 10:28:02,309 [Worker-10] INFO  o.e.m.c.i.embedder.EclipseLogger - Copying 2 resources
2015-08-27 10:28:02,311 [Worker-10] INFO  o.e.m.c.i.embedder.EclipseLogger - Using 'UTF-8' encoding to copy filtered resources.
2015-08-27 10:28:02,311 [Worker-10] INFO  o.e.m.c.i.embedder.EclipseLogger - skip non existing resourceDirectory C:\android2011\DroidAirPlay\src\test\resources
2015-08-27 10:28:02,671 [Worker-10] INFO  o.e.m.c.i.embedder.EclipseLogger - Using 'UTF-8' encoding to copy filtered resources.
2015-08-27 10:28:02,671 [Worker-10] INFO  o.e.m.c.i.embedder.EclipseLogger - Copying 1 resource
2015-08-27 17:09:04,333 [Worker-13] INFO  o.e.m.c.i.embedder.EclipseLogger - Using 'UTF-8' encoding to copy filtered resources.
2015-08-27 17:09:04,338 [Worker-13] INFO  o.e.m.c.i.embedder.EclipseLogger - Copying 1 resource
2015-08-27 17:09:04,351 [Worker-13] INFO  o.e.m.c.i.embedder.EclipseLogger - Copying 2 resources
2015-08-27 17:09:04,353 [Worker-13] INFO  o.e.m.c.i.embedder.EclipseLogger - Using 'UTF-8' encoding to copy filtered resources.
2015-08-27 17:09:04,353 [Worker-13] INFO  o.e.m.c.i.embedder.EclipseLogger - skip non existing resourceDirectory C:\android2011\DroidAirPlay\src\test\resources
2015-08-27 17:09:04,620 [Worker-13] INFO  o.e.m.c.i.embedder.EclipseLogger - Using 'UTF-8' encoding to copy filtered resources.
2015-08-27 17:09:04,621 [Worker-13] INFO  o.e.m.c.i.embedder.EclipseLogger - Copying 1 resource
2015-08-28 09:22:59,982 [Worker-6] INFO  o.e.m.c.i.embedder.EclipseLogger - Using 'UTF-8' encoding to copy filtered resources.
2015-08-28 09:22:59,982 [Worker-6] INFO  o.e.m.c.i.embedder.EclipseLogger - Copying 1 resource
2015-08-28 09:22:59,998 [Worker-6] INFO  o.e.m.c.i.embedder.EclipseLogger - Copying 2 resources
2015-08-28 09:22:59,998 [Worker-6] INFO  o.e.m.c.i.embedder.EclipseLogger - Using 'UTF-8' encoding to copy filtered resources.
2015-08-28 09:23:00,013 [Worker-6] INFO  o.e.m.c.i.embedder.EclipseLogger - skip non existing resourceDirectory C:\android2011\DroidAirPlay\src\test\resources
2015-08-28 09:23:00,450 [Worker-6] INFO  o.e.m.c.i.embedder.EclipseLogger - Using 'UTF-8' encoding to copy filtered resources.
2015-08-28 09:23:00,450 [Worker-6] INFO  o.e.m.c.i.embedder.EclipseLogger - Copying 1 resource
